<?xml version="1.0" encoding="UTF-8"?>
<!-- Generated by org.testng.reporters.JUnitReportReporter -->
<testsuite skipped="0" hostname="DESKTOP-CPFBN2H" name="com.first.maven.project.test.mavan.project.login" tests="1" failures="0" timestamp="03 Sep 2017 04:55:48 GMT" time="3.384" errors="0">
  <testcase name="login_to_flipCart" time="3.384" classname="com.first.maven.project.test.mavan.project.login"/>
</testsuite> <!-- com.first.maven.project.test.mavan.project.login -->
